<?xml version="1.0" encoding="UTF-8"?>
<!-- Generated by org.testng.reporters.JUnitReportReporter -->
<testsuite hostname="DESKTOP-KKPJ5RQ" failures="0" tests="1" name="com.Test.KIIJKSluiterPage" time="123.927" errors="0" timestamp="2023-08-01T11:30:39 IST" skipped="0">
  <testcase classname="com.Test.KIIJKSluiterPage" name="verifyKIJKSluiterPage" time="123.927"/>
</testsuite> <!-- com.Test.KIIJKSluiterPage -->
