<?xml version="1.0" encoding="UTF-8"?>
<!-- Generated by org.testng.reporters.JUnitReportReporter -->
<testsuite hostname="DESKTOP-KKPJ5RQ" failures="0" tests="4" name="com.Test.KIIJKSluiter_WelcomePage" time="-1694341504.000" errors="1" timestamp="2023-09-10T15:54:27 IST" skipped="3">
  <testcase classname="com.Test.KIIJKSluiter_WelcomePage" name="InitializationBrowser" time="-1694341504.000">
    <error message="
Parameter &#039;Browser&#039; is required by BeforeMethod on method InitializationBrowser but has not been marked @Optional or defined
in C:\Users\DELL\AppData\Local\Temp\testng-eclipse--64033781\testng-customsuite.xml" type="org.testng.TestNGException">
      <![CDATA[org.testng.TestNGException: 
Parameter 'Browser' is required by BeforeMethod on method InitializationBrowser but has not been marked @Optional or defined
in C:\Users\DELL\AppData\Local\Temp\testng-eclipse--64033781\testng-customsuite.xml
at org.testng.internal.Parameters.createParams(Parameters.java:267)
at org.testng.internal.Parameters.createParametersForMethod(Parameters.java:355)
at org.testng.internal.Parameters.createParameters(Parameters.java:684)
at org.testng.internal.Parameters.createConfigurationParameters(Parameters.java:166)
at org.testng.internal.invokers.ConfigInvoker.invokeConfigurations(ConfigInvoker.java:306)
at org.testng.internal.invokers.TestInvoker.runConfigMethods(TestInvoker.java:810)
at org.testng.internal.invokers.TestInvoker.invokeMethod(TestInvoker.java:577)
at org.testng.internal.invokers.TestInvoker.invokeTestMethod(TestInvoker.java:227)
at org.testng.internal.invokers.MethodRunner.runInSequence(MethodRunner.java:50)
at org.testng.internal.invokers.TestInvoker$MethodInvocationAgent.invoke(TestInvoker.java:957)
at org.testng.internal.invokers.TestInvoker.invokeTestMethods(TestInvoker.java:200)
at org.testng.internal.invokers.TestMethodWorker.invokeTestMethods(TestMethodWorker.java:148)
at org.testng.internal.invokers.TestMethodWorker.run(TestMethodWorker.java:128)
at java.base/java.util.ArrayList.forEach(ArrayList.java:1541)
at org.testng.TestRunner.privateRun(TestRunner.java:848)
at org.testng.TestRunner.run(TestRunner.java:621)
at org.testng.SuiteRunner.runTest(SuiteRunner.java:443)
at org.testng.SuiteRunner.runSequentially(SuiteRunner.java:437)
at org.testng.SuiteRunner.privateRun(SuiteRunner.java:397)
at org.testng.SuiteRunner.run(SuiteRunner.java:336)
at org.testng.SuiteRunnerWorker.runSuite(SuiteRunnerWorker.java:52)
at org.testng.SuiteRunnerWorker.run(SuiteRunnerWorker.java:95)
at org.testng.TestNG.runSuitesSequentially(TestNG.java:1280)
at org.testng.TestNG.runSuitesLocally(TestNG.java:1200)
at org.testng.TestNG.runSuites(TestNG.java:1114)
at org.testng.TestNG.run(TestNG.java:1082)
at org.testng.remote.AbstractRemoteTestNG.run(AbstractRemoteTestNG.java:115)
at org.testng.remote.RemoteTestNG.initAndRun(RemoteTestNG.java:251)
at org.testng.remote.RemoteTestNG.main(RemoteTestNG.java:77)
]]>
    </error>
  </testcase> <!-- InitializationBrowser -->
  <testcase classname="com.Test.KIIJKSluiter_WelcomePage" name="verifyKIJKSluiterPage" time="0.000">
    <skipped/>
  </testcase> <!-- verifyKIJKSluiterPage -->
  <testcase classname="com.Test.KIIJKSluiter_WelcomePage" name="verifyLoginPage" time="0.000">
    <skipped/>
  </testcase> <!-- verifyLoginPage -->
  <testcase classname="com.Test.KIIJKSluiter_WelcomePage" name="verifyMedicinePage">
    <skipped/>
  </testcase> <!-- verifyMedicinePage -->
</testsuite> <!-- com.Test.KIIJKSluiter_WelcomePage -->
